<?xml version="1.0" encoding="UTF-8"?>
<!-- Generated by org.testng.reporters.JUnitReportReporter -->
<testsuite hostname="DESKTOP-JVIQDQ0" failures="0" tests="2" name="docker.SetupDockerGrid" time="20.024" errors="0" timestamp="2023-03-24T12:43:52 BDT" skipped="0">
  <testcase classname="docker.SetupDockerGrid" name="startDockerGrid" time="15.015"/>
  <system-out/>
  <testcase classname="docker.SetupDockerGrid" name="stopDockerGrid" time="5.009"/>
  <system-out/>
</testsuite> <!-- docker.SetupDockerGrid -->
