<?xml version="1.0" encoding="UTF-8"?>
<!-- Generated by org.testng.reporters.JUnitReportReporter -->
<testsuite hostname="DESKTOP-JVIQDQ0" failures="0" tests="1" name="docker.ChromeTest" time="3.487" errors="0" timestamp="2023-03-24T14:24:08 BDT" skipped="0">
  <testcase classname="docker.ChromeTest" name="test" time="3.487"/>
  <system-out/>
</testsuite> <!-- docker.ChromeTest -->
